<?xml version="1.0" encoding="UTF-8"?>
<!-- Generated by org.testng.reporters.JUnitReportReporter -->
<testsuite hostname="Ravi" name="com.actitime.customertest.CustomerNameTest" tests="1" failures="0" timestamp="24 Jul 2018 05:39:27 GMT" time="12.974" errors="0">
  <testcase name="createCustomerTest" time="12.974" classname="com.actitime.customertest.CustomerNameTest"/>
</testsuite> <!-- com.actitime.customertest.CustomerNameTest -->
